<?xml version="1.0" encoding="UTF-8"?>
<!-- Generated by org.testng.reporters.JUnitReportReporter -->
<testsuite hostname="LAPTOP-755STTQD" failures="0" tests="2" name="tests.LoginTest" time="2.768" errors="0" timestamp="2025-09-13T22:05:04 IST" skipped="0">
  <testcase classname="tests.LoginTest" name="EnterLoginCredential" time="2.492"/>
  <testcase classname="tests.LoginTest" name="testClosePopup" time="0.276"/>
</testsuite> <!-- tests.LoginTest -->
