<?xml version="1.0" encoding="UTF-8"?>
<!-- Generated by org.testng.reporters.JUnitReportReporter -->
<testsuite hostname="LAPTOP-755STTQD" failures="0" tests="3" name="tests.FlightTest" time="24.776" errors="0" timestamp="2025-09-13T22:05:04 IST" skipped="0">
  <testcase classname="tests.FlightTest" name="ads" time="0.639"/>
  <testcase classname="tests.FlightTest" name="OneWayTrip" time="16.581"/>
  <testcase classname="tests.FlightTest" name="RoundTrip" time="7.556"/>
</testsuite> <!-- tests.FlightTest -->
