<?xml version="1.0" encoding="UTF-8"?>
<!-- Generated by org.testng.reporters.JUnitReportReporter -->
<testsuite hostname="LAPTOP-755STTQD" failures="0" tests="8" name="tests.HotelTest" time="125.715" errors="0" timestamp="2025-09-17T19:32:58 IST" skipped="0">
  <testcase classname="tests.HotelTest" name="hotelSearchWithFutureDatesTest" time="6.221"/>
  <testcase classname="tests.HotelTest" name="hotelFilterApplicationTest" time="65.799"/>
  <testcase classname="tests.HotelTest" name="hotelSortResults" time="30.870"/>
  <testcase classname="tests.HotelTest" name="hotelDetailPageValidation" time="2.443"/>
  <testcase classname="tests.HotelTest" name="hotelRoomBooking" time="7.771"/>
  <testcase classname="tests.HotelTest" name="hotelSearchWithPastCheckinDate" time="5.845"/>
  <testcase classname="tests.HotelTest" name="hotelSearchWithSameCheckinCheckoutDate" time="1.233"/>
  <testcase classname="tests.HotelTest" name="hotelSearchWithoutDestination" time="5.533"/>
</testsuite> <!-- tests.HotelTest -->
