<?xml version="1.0" encoding="UTF-8"?>
<!-- Generated by org.testng.reporters.JUnitReportReporter -->
<testsuite hostname="LAPTOP-755STTQD" failures="0" tests="8" name="tests.HotelTest" time="230.546" errors="0" timestamp="2025-09-13T22:05:04 IST" skipped="0">
  <testcase classname="tests.HotelTest" name="hotelSearchWithFutureDatesTest" time="7.023"/>
  <testcase classname="tests.HotelTest" name="hotelFilterApplicationTest" time="127.689"/>
  <testcase classname="tests.HotelTest" name="hotelSortResults" time="30.782"/>
  <testcase classname="tests.HotelTest" name="hotelDetailPageValidation" time="3.971"/>
  <testcase classname="tests.HotelTest" name="hotelRoomBooking" time="10.260"/>
  <testcase classname="tests.HotelTest" name="hotelSearchWithPastCheckinDate" time="8.927"/>
  <testcase classname="tests.HotelTest" name="hotelSearchWithSameCheckinCheckoutDate" time="34.381"/>
  <testcase classname="tests.HotelTest" name="hotelSearchWithoutDestination" time="7.513"/>
</testsuite> <!-- tests.HotelTest -->
