<?xml version="1.0" encoding="UTF-8"?>
<!-- Generated by org.testng.reporters.JUnitReportReporter -->
<testsuite hostname="LAPTOP-755STTQD" failures="0" tests="3" name="tests.FlightTest" time="9.234" errors="0" timestamp="2025-09-17T19:32:58 IST" skipped="0">
  <testcase classname="tests.FlightTest" name="ads" time="0.132"/>
  <testcase classname="tests.FlightTest" name="OneWayTrip" time="3.585"/>
  <testcase classname="tests.FlightTest" name="RoundTrip" time="5.517"/>
</testsuite> <!-- tests.FlightTest -->
