<?xml version="1.0" encoding="UTF-8"?>
<!-- Generated by org.testng.reporters.JUnitReportReporter -->
<testsuite hostname="LAPTOP-755STTQD" failures="0" tests="2" name="tests.LoginTest" time="1.027" errors="0" timestamp="2025-09-17T19:32:58 IST" skipped="0">
  <testcase classname="tests.LoginTest" name="EnterLoginCredential" time="0.875"/>
  <testcase classname="tests.LoginTest" name="testClosePopup" time="0.152"/>
</testsuite> <!-- tests.LoginTest -->
