<?xml version="1.0" encoding="UTF-8"?>
<!-- Generated by org.testng.reporters.JUnitReportReporter -->
<testsuite hostname="Anshu" failures="0" tests="1" name="tests.HotelTest" time="20.810" errors="0" timestamp="2025-08-28T10:07:03 IST" skipped="0">
  <testcase classname="tests.HotelTest" name="openBrowser" time="20.810"/>
</testsuite> <!-- tests.HotelTest -->
