<?xml version="1.0" encoding="UTF-8"?>
<!-- Generated by org.testng.reporters.JUnitReportReporter -->
<testsuite hostname="Anshu" failures="0" tests="1" name="tests.LoginTest" time="0.001" errors="0" timestamp="2025-08-28T10:07:03 IST" skipped="0">
  <testcase classname="tests.LoginTest" name="f" time="0.001"/>
</testsuite> <!-- tests.LoginTest -->
